{
  message: 'DB: DATABASE URL: mongodb://localhost:27017/vgik',
  level: 'info',
  timestamp: '2021-10-27T06:58:39.465Z',
  label: 'vgik',
  metadata: {}
}
{
  message: 'INDEX: Database connection initialized.',
  level: 'info',
  timestamp: '2021-10-27T06:58:39.474Z',
  label: 'vgik',
  metadata: {}
}
{
  message: 'INDEX: Server is running on port: 3000',
  level: 'info',
  timestamp: '2021-10-27T06:58:39.475Z',
  label: 'vgik',
  metadata: {}
}
{
  message: 'DB: mongo db connection is established',
  level: 'info',
  timestamp: '2021-10-27T06:58:39.506Z',
  label: 'vgik',
  metadata: {}
}
{
  message: 'DB: DATABASE URL: mongodb+srv://ikhtiyar:ikhtiyar9207@cluster0.4gwl4.mongodb.net/vgik?retryWrites=true&w=majority',
  level: 'info',
  timestamp: '2021-10-27T07:11:24.335Z',
  label: 'vgik',
  metadata: {}
}
{
  message: 'INDEX: Database connection initialized.',
  level: 'info',
  timestamp: '2021-10-27T07:11:24.342Z',
  label: 'vgik',
  metadata: {}
}
{
  message: 'INDEX: Server is running on port: 8080',
  level: 'info',
  timestamp: '2021-10-27T07:11:24.343Z',
  label: 'vgik',
  metadata: {}
}
{
  message: 'DB: mongo db connection is established',
  level: 'info',
  timestamp: '2021-10-27T07:11:29.425Z',
  label: 'vgik',
  metadata: {}
}
{
  message: 'DB: DATABASE URL: mongodb+srv://ikhtiyar:ikhtiyar9207@cluster0.4gwl4.mongodb.net/vgik?retryWrites=true&w=majority',
  level: 'info',
  timestamp: '2021-11-05T16:50:17.132Z',
  label: 'vgik',
  metadata: {}
}
{
  message: 'INDEX: Database connection initialized.',
  level: 'info',
  timestamp: '2021-11-05T16:50:17.139Z',
  label: 'vgik',
  metadata: {}
}
{
  message: 'INDEX: Server is running on port: 8080',
  level: 'info',
  timestamp: '2021-11-05T16:50:17.139Z',
  label: 'vgik',
  metadata: {}
}
{
  message: 'DB: mongo db connection is established',
  level: 'info',
  timestamp: '2021-11-05T16:50:19.282Z',
  label: 'vgik',
  metadata: {}
}
{
  message: 'DB: DATABASE URL: mongodb+srv://ikhtiyar:ikhtiyar9207@cluster0.4gwl4.mongodb.net/vgik?retryWrites=true&w=majority',
  level: 'info',
  timestamp: '2021-11-05T16:51:19.581Z',
  label: 'vgik',
  metadata: {}
}
{
  message: 'INDEX: Database connection initialized.',
  level: 'info',
  timestamp: '2021-11-05T16:51:19.587Z',
  label: 'vgik',
  metadata: {}
}
{
  message: 'INDEX: Server is running on port: 8080',
  level: 'info',
  timestamp: '2021-11-05T16:51:19.588Z',
  label: 'vgik',
  metadata: {}
}
{
  message: 'DB: mongo db connection is established',
  level: 'info',
  timestamp: '2021-11-05T16:51:21.470Z',
  label: 'vgik',
  metadata: {}
}
{
  message: 'DB: DATABASE URL: mongodb+srv://ikhtiyar:ikhtiyar9207@cluster0.4gwl4.mongodb.net/vgik?retryWrites=true&w=majority',
  level: 'info',
  timestamp: '2021-11-05T16:52:51.891Z',
  label: 'vgik',
  metadata: {}
}
{
  message: 'INDEX: Database connection initialized.',
  level: 'info',
  timestamp: '2021-11-05T16:52:51.897Z',
  label: 'vgik',
  metadata: {}
}
{
  message: 'INDEX: Server is running on port: 8080',
  level: 'info',
  timestamp: '2021-11-05T16:52:51.898Z',
  label: 'vgik',
  metadata: {}
}
{
  message: 'DB: mongo db connection is established',
  level: 'info',
  timestamp: '2021-11-05T16:52:54.938Z',
  label: 'vgik',
  metadata: {}
}
{
  message: 'DB: DATABASE URL: mongodb+srv://ikhtiyar:ikhtiyar9207@cluster0.4gwl4.mongodb.net/vgik?retryWrites=true&w=majority',
  level: 'info',
  timestamp: '2021-11-05T17:04:12.754Z',
  label: 'vgik',
  metadata: {}
}
{
  message: 'INDEX: Database connection initialized.',
  level: 'info',
  timestamp: '2021-11-05T17:04:12.763Z',
  label: 'vgik',
  metadata: {}
}
{
  message: 'INDEX: Server is running on port: 8080',
  level: 'info',
  timestamp: '2021-11-05T17:04:12.764Z',
  label: 'vgik',
  metadata: {}
}
{
  message: 'DB: mongo db connection is established',
  level: 'info',
  timestamp: '2021-11-05T17:04:14.922Z',
  label: 'vgik',
  metadata: {}
}
